This file contains any messages produced by compilers while
running configure, to aid debugging if configure makes a mistake.

It was created by yaz configure 0.1, which was
generated by GNU Autoconf 2.59.  Invocation command line was

  $ ./configure 

## --------- ##
## Platform. ##
## --------- ##

hostname = virgiliano-laptop
uname -m = i686
uname -r = 2.6.28-15-generic
uname -s = Linux
uname -v = #49-Ubuntu SMP Tue Aug 18 18:40:08 UTC 2009

/usr/bin/uname -p = unknown
/bin/uname -X     = unknown

/bin/arch              = unknown
/usr/bin/arch -k       = unknown
/usr/convex/getsysinfo = unknown
hostinfo               = unknown
/bin/machine           = unknown
/usr/bin/oslevel       = unknown
/bin/universe          = unknown

PATH: /usr/local/sbin
PATH: /usr/local/bin
PATH: /usr/sbin
PATH: /usr/bin
PATH: /sbin
PATH: /bin
PATH: /usr/games


## ----------- ##
## Core tests. ##
## ----------- ##

configure:1392: checking for g++
configure:1408: found /usr/bin/g++
configure:1418: result: g++
configure:1434: checking for C++ compiler version
configure:1437: g++ --version </dev/null >&5
g++ (Ubuntu 4.3.3-5ubuntu4) 4.3.3
Copyright (C) 2008 Free Software Foundation, Inc.
This is free software; see the source for copying conditions.  There is NO
warranty; not even for MERCHANTABILITY or FITNESS FOR A PARTICULAR PURPOSE.

configure:1440: $? = 0
configure:1442: g++ -v </dev/null >&5
Using built-in specs.
Target: i486-linux-gnu
Configured with: ../src/configure -v --with-pkgversion='Ubuntu 4.3.3-5ubuntu4' --with-bugurl=file:///usr/share/doc/gcc-4.3/README.Bugs --enable-languages=c,c++,fortran,objc,obj-c++ --prefix=/usr --enable-shared --with-system-zlib --libexecdir=/usr/lib --without-included-gettext --enable-threads=posix --enable-nls --with-gxx-include-dir=/usr/include/c++/4.3 --program-suffix=-4.3 --enable-clocale=gnu --enable-libstdcxx-debug --enable-objc-gc --enable-mpfr --enable-targets=all --with-tune=generic --enable-checking=release --build=i486-linux-gnu --host=i486-linux-gnu --target=i486-linux-gnu
Thread model: posix
gcc version 4.3.3 (Ubuntu 4.3.3-5ubuntu4) 
configure:1445: $? = 0
configure:1447: g++ -V </dev/null >&5
g++: '-V' option must have argument
configure:1450: $? = 1
configure:1473: checking for C++ compiler default output file name
configure:1476: g++ -g   conftest.cc  >&5
configure:1479: $? = 0
configure:1525: result: a.out
configure:1530: checking whether the C++ compiler works
configure:1536: ./a.out
configure:1539: $? = 0
configure:1556: result: yes
configure:1563: checking whether we are cross compiling
configure:1565: result: no
configure:1568: checking for suffix of executables
configure:1570: g++ -o conftest -g   conftest.cc  >&5
configure:1573: $? = 0
configure:1598: result: 
configure:1604: checking for suffix of object files
configure:1625: g++ -c -g  conftest.cc >&5
configure:1628: $? = 0
configure:1650: result: o
configure:1654: checking whether we are using the GNU C++ compiler
configure:1678: g++ -c -g  conftest.cc >&5
configure:1684: $? = 0
configure:1688: test -z 
			 || test ! -s conftest.err
configure:1691: $? = 0
configure:1694: test -s conftest.o
configure:1697: $? = 0
configure:1710: result: yes
configure:1716: checking whether g++ accepts -g
configure:1737: g++ -c -g  conftest.cc >&5
configure:1743: $? = 0
configure:1747: test -z 
			 || test ! -s conftest.err
configure:1750: $? = 0
configure:1753: test -s conftest.o
configure:1756: $? = 0
configure:1767: result: yes
configure:1809: g++ -c -g  conftest.cc >&5
configure:1815: $? = 0
configure:1819: test -z 
			 || test ! -s conftest.err
configure:1822: $? = 0
configure:1825: test -s conftest.o
configure:1828: $? = 0
configure:1854: g++ -c -g  conftest.cc >&5
conftest.cc: In function 'int main()':
conftest.cc:13: error: 'exit' was not declared in this scope
configure:1860: $? = 1
configure: failed program was:
| /* confdefs.h.  */
| 
| #define PACKAGE_NAME "yaz"
| #define PACKAGE_TARNAME "yaz"
| #define PACKAGE_VERSION "0.1"
| #define PACKAGE_STRING "yaz 0.1"
| #define PACKAGE_BUGREPORT "jsommers@cs.wisc.edu"
| /* end confdefs.h.  */
| 
| int
| main ()
| {
| exit (42);
|   ;
|   return 0;
| }
configure:1809: g++ -c -g  conftest.cc >&5
conftest.cc:9: error: 'void std::exit(int)' should have been declared inside 'std'
configure:1815: $? = 1
configure: failed program was:
| /* confdefs.h.  */
| 
| #define PACKAGE_NAME "yaz"
| #define PACKAGE_TARNAME "yaz"
| #define PACKAGE_VERSION "0.1"
| #define PACKAGE_STRING "yaz 0.1"
| #define PACKAGE_BUGREPORT "jsommers@cs.wisc.edu"
| /* end confdefs.h.  */
| extern "C" void std::exit (int) throw (); using std::exit;
| #include <stdlib.h>
| int
| main ()
| {
| exit (42);
|   ;
|   return 0;
| }
configure:1809: g++ -c -g  conftest.cc >&5
conftest.cc:9: error: 'void std::exit(int)' should have been declared inside 'std'
In file included from conftest.cc:10:
/usr/include/stdlib.h:531: error: declaration of 'void std::exit(int) throw ()' throws different exceptions
conftest.cc:9: error: from previous declaration 'void std::exit(int)'
configure:1815: $? = 1
configure: failed program was:
| /* confdefs.h.  */
| 
| #define PACKAGE_NAME "yaz"
| #define PACKAGE_TARNAME "yaz"
| #define PACKAGE_VERSION "0.1"
| #define PACKAGE_STRING "yaz 0.1"
| #define PACKAGE_BUGREPORT "jsommers@cs.wisc.edu"
| /* end confdefs.h.  */
| extern "C" void std::exit (int); using std::exit;
| #include <stdlib.h>
| int
| main ()
| {
| exit (42);
|   ;
|   return 0;
| }
configure:1809: g++ -c -g  conftest.cc >&5
configure:1815: $? = 0
configure:1819: test -z 
			 || test ! -s conftest.err
configure:1822: $? = 0
configure:1825: test -s conftest.o
configure:1828: $? = 0
configure:1854: g++ -c -g  conftest.cc >&5
configure:1860: $? = 0
configure:1864: test -z 
			 || test ! -s conftest.err
configure:1867: $? = 0
configure:1870: test -s conftest.o
configure:1873: $? = 0
configure:1896: checking whether make sets $(MAKE)
configure:1916: result: yes
configure:1963: checking for a BSD-compatible install
configure:2018: result: /usr/bin/install -c
configure:2041: checking build system type
configure:2059: result: i686-pc-linux-gnu
configure:2067: checking host system type
configure:2081: result: i686-pc-linux-gnu
configure:2089: checking target system type
configure:2103: result: i686-pc-linux-gnu
configure:2157: checking how to run the C++ preprocessor
configure:2188: g++ -E  -I/usr/include/pcap -D_REENTRANT conftest.cc
configure:2194: $? = 0
configure:2226: g++ -E  -I/usr/include/pcap -D_REENTRANT conftest.cc
conftest.cc:12:28: error: ac_nonexistent.h: No such file or directory
configure:2232: $? = 1
configure: failed program was:
| /* confdefs.h.  */
| 
| #define PACKAGE_NAME "yaz"
| #define PACKAGE_TARNAME "yaz"
| #define PACKAGE_VERSION "0.1"
| #define PACKAGE_STRING "yaz 0.1"
| #define PACKAGE_BUGREPORT "jsommers@cs.wisc.edu"
| #ifdef __cplusplus
| extern "C" void exit (int) throw ();
| #endif
| /* end confdefs.h.  */
| #include <ac_nonexistent.h>
configure:2271: result: g++ -E
configure:2295: g++ -E  -I/usr/include/pcap -D_REENTRANT conftest.cc
configure:2301: $? = 0
configure:2333: g++ -E  -I/usr/include/pcap -D_REENTRANT conftest.cc
conftest.cc:12:28: error: ac_nonexistent.h: No such file or directory
configure:2339: $? = 1
configure: failed program was:
| /* confdefs.h.  */
| 
| #define PACKAGE_NAME "yaz"
| #define PACKAGE_TARNAME "yaz"
| #define PACKAGE_VERSION "0.1"
| #define PACKAGE_STRING "yaz 0.1"
| #define PACKAGE_BUGREPORT "jsommers@cs.wisc.edu"
| #ifdef __cplusplus
| extern "C" void exit (int) throw ();
| #endif
| /* end confdefs.h.  */
| #include <ac_nonexistent.h>
configure:2383: checking for egrep
configure:2393: result: grep -E
configure:2398: checking for ANSI C header files
configure:2423: g++ -c -g -Wall -pthread  -I/usr/include/pcap -D_REENTRANT conftest.cc >&5
configure:2429: $? = 0
configure:2433: test -z 
			 || test ! -s conftest.err
configure:2436: $? = 0
configure:2439: test -s conftest.o
configure:2442: $? = 0
configure:2531: g++ -o conftest -g -Wall -pthread  -I/usr/include/pcap -D_REENTRANT  conftest.cc  >&5
configure:2534: $? = 0
configure:2536: ./conftest
configure:2539: $? = 0
configure:2554: result: yes
configure:2578: checking for sys/types.h
configure:2594: g++ -c -g -Wall -pthread  -I/usr/include/pcap -D_REENTRANT conftest.cc >&5
configure:2600: $? = 0
configure:2604: test -z 
			 || test ! -s conftest.err
configure:2607: $? = 0
configure:2610: test -s conftest.o
configure:2613: $? = 0
configure:2624: result: yes
configure:2578: checking for sys/stat.h
configure:2594: g++ -c -g -Wall -pthread  -I/usr/include/pcap -D_REENTRANT conftest.cc >&5
configure:2600: $? = 0
configure:2604: test -z 
			 || test ! -s conftest.err
configure:2607: $? = 0
configure:2610: test -s conftest.o
configure:2613: $? = 0
configure:2624: result: yes
configure:2578: checking for stdlib.h
configure:2594: g++ -c -g -Wall -pthread  -I/usr/include/pcap -D_REENTRANT conftest.cc >&5
configure:2600: $? = 0
configure:2604: test -z 
			 || test ! -s conftest.err
configure:2607: $? = 0
configure:2610: test -s conftest.o
configure:2613: $? = 0
configure:2624: result: yes
configure:2578: checking for string.h
configure:2594: g++ -c -g -Wall -pthread  -I/usr/include/pcap -D_REENTRANT conftest.cc >&5
configure:2600: $? = 0
configure:2604: test -z 
			 || test ! -s conftest.err
configure:2607: $? = 0
configure:2610: test -s conftest.o
configure:2613: $? = 0
configure:2624: result: yes
configure:2578: checking for memory.h
configure:2594: g++ -c -g -Wall -pthread  -I/usr/include/pcap -D_REENTRANT conftest.cc >&5
configure:2600: $? = 0
configure:2604: test -z 
			 || test ! -s conftest.err
configure:2607: $? = 0
configure:2610: test -s conftest.o
configure:2613: $? = 0
configure:2624: result: yes
configure:2578: checking for strings.h
configure:2594: g++ -c -g -Wall -pthread  -I/usr/include/pcap -D_REENTRANT conftest.cc >&5
configure:2600: $? = 0
configure:2604: test -z 
			 || test ! -s conftest.err
configure:2607: $? = 0
configure:2610: test -s conftest.o
configure:2613: $? = 0
configure:2624: result: yes
configure:2578: checking for inttypes.h
configure:2594: g++ -c -g -Wall -pthread  -I/usr/include/pcap -D_REENTRANT conftest.cc >&5
configure:2600: $? = 0
configure:2604: test -z 
			 || test ! -s conftest.err
configure:2607: $? = 0
configure:2610: test -s conftest.o
configure:2613: $? = 0
configure:2624: result: yes
configure:2578: checking for stdint.h
configure:2594: g++ -c -g -Wall -pthread  -I/usr/include/pcap -D_REENTRANT conftest.cc >&5
configure:2600: $? = 0
configure:2604: test -z 
			 || test ! -s conftest.err
configure:2607: $? = 0
configure:2610: test -s conftest.o
configure:2613: $? = 0
configure:2624: result: yes
configure:2578: checking for unistd.h
configure:2594: g++ -c -g -Wall -pthread  -I/usr/include/pcap -D_REENTRANT conftest.cc >&5
configure:2600: $? = 0
configure:2604: test -z 
			 || test ! -s conftest.err
configure:2607: $? = 0
configure:2610: test -s conftest.o
configure:2613: $? = 0
configure:2624: result: yes
configure:2650: checking sys/socket.h usability
configure:2662: g++ -c -g -Wall -pthread  -I/usr/include/pcap -D_REENTRANT conftest.cc >&5
configure:2668: $? = 0
configure:2672: test -z 
			 || test ! -s conftest.err
configure:2675: $? = 0
configure:2678: test -s conftest.o
configure:2681: $? = 0
configure:2691: result: yes
configure:2695: checking sys/socket.h presence
configure:2705: g++ -E  -I/usr/include/pcap -D_REENTRANT conftest.cc
configure:2711: $? = 0
configure:2731: result: yes
configure:2766: checking for sys/socket.h
configure:2773: result: yes
configure:3136: checking float.h usability
configure:3148: g++ -c -g -Wall -pthread  -I/usr/include/pcap -D_REENTRANT conftest.cc >&5
configure:3154: $? = 0
configure:3158: test -z 
			 || test ! -s conftest.err
configure:3161: $? = 0
configure:3164: test -s conftest.o
configure:3167: $? = 0
configure:3177: result: yes
configure:3181: checking float.h presence
configure:3191: g++ -E  -I/usr/include/pcap -D_REENTRANT conftest.cc
configure:3197: $? = 0
configure:3217: result: yes
configure:3252: checking for float.h
configure:3259: result: yes
configure:3286: checking pthread.h usability
configure:3298: g++ -c -g -Wall -pthread  -I/usr/include/pcap -D_REENTRANT conftest.cc >&5
configure:3304: $? = 0
configure:3308: test -z 
			 || test ! -s conftest.err
configure:3311: $? = 0
configure:3314: test -s conftest.o
configure:3317: $? = 0
configure:3327: result: yes
configure:3331: checking pthread.h presence
configure:3341: g++ -E  -I/usr/include/pcap -D_REENTRANT conftest.cc
configure:3347: $? = 0
configure:3367: result: yes
configure:3402: checking for pthread.h
configure:3409: result: yes
configure:3423: checking for thr_create in -lthread
configure:3453: g++ -o conftest -g -Wall -pthread  -I/usr/include/pcap -D_REENTRANT  conftest.cc -lthread   >&5
/usr/bin/ld: cannot find -lthread
collect2: ld returned 1 exit status
configure:3459: $? = 1
configure: failed program was:
| /* confdefs.h.  */
| 
| #define PACKAGE_NAME "yaz"
| #define PACKAGE_TARNAME "yaz"
| #define PACKAGE_VERSION "0.1"
| #define PACKAGE_STRING "yaz 0.1"
| #define PACKAGE_BUGREPORT "jsommers@cs.wisc.edu"
| #ifdef __cplusplus
| extern "C" void exit (int) throw ();
| #endif
| #define STDC_HEADERS 1
| #define HAVE_SYS_TYPES_H 1
| #define HAVE_SYS_STAT_H 1
| #define HAVE_STDLIB_H 1
| #define HAVE_STRING_H 1
| #define HAVE_MEMORY_H 1
| #define HAVE_STRINGS_H 1
| #define HAVE_INTTYPES_H 1
| #define HAVE_STDINT_H 1
| #define HAVE_UNISTD_H 1
| #define HAVE_SYS_SOCKET_H 1
| #define HAVE_FLOAT_H 1
| #define HAVE_PTHREAD_H 1
| /* end confdefs.h.  */
| 
| /* Override any gcc2 internal prototype to avoid an error.  */
| #ifdef __cplusplus
| extern "C"
| #endif
| /* We use char because int might match the return type of a gcc2
|    builtin and then its argument prototype would still apply.  */
| char thr_create ();
| int
| main ()
| {
| thr_create ();
|   ;
|   return 0;
| }
configure:3485: result: no
configure:3497: checking for pthread_create in -lpthread
configure:3527: g++ -o conftest -g -Wall -pthread  -I/usr/include/pcap -D_REENTRANT  conftest.cc -lpthread   >&5
configure:3533: $? = 0
configure:3537: test -z 
			 || test ! -s conftest.err
configure:3540: $? = 0
configure:3543: test -s conftest
configure:3546: $? = 0
configure:3559: result: yes
configure:3571: checking for pthread_create in -lc_r
configure:3601: g++ -o conftest -g -Wall -pthread  -I/usr/include/pcap -D_REENTRANT  conftest.cc -lc_r  -lpthread  >&5
/usr/bin/ld: cannot find -lc_r
collect2: ld returned 1 exit status
configure:3607: $? = 1
configure: failed program was:
| /* confdefs.h.  */
| 
| #define PACKAGE_NAME "yaz"
| #define PACKAGE_TARNAME "yaz"
| #define PACKAGE_VERSION "0.1"
| #define PACKAGE_STRING "yaz 0.1"
| #define PACKAGE_BUGREPORT "jsommers@cs.wisc.edu"
| #ifdef __cplusplus
| extern "C" void exit (int) throw ();
| #endif
| #define STDC_HEADERS 1
| #define HAVE_SYS_TYPES_H 1
| #define HAVE_SYS_STAT_H 1
| #define HAVE_STDLIB_H 1
| #define HAVE_STRING_H 1
| #define HAVE_MEMORY_H 1
| #define HAVE_STRINGS_H 1
| #define HAVE_INTTYPES_H 1
| #define HAVE_STDINT_H 1
| #define HAVE_UNISTD_H 1
| #define HAVE_SYS_SOCKET_H 1
| #define HAVE_FLOAT_H 1
| #define HAVE_PTHREAD_H 1
| #define HAVE_LIBPTHREAD 1
| /* end confdefs.h.  */
| 
| /* Override any gcc2 internal prototype to avoid an error.  */
| #ifdef __cplusplus
| extern "C"
| #endif
| /* We use char because int might match the return type of a gcc2
|    builtin and then its argument prototype would still apply.  */
| char pthread_create ();
| int
| main ()
| {
| pthread_create ();
|   ;
|   return 0;
| }
configure:3633: result: no
configure:3644: checking for socklen_t
configure:3672: g++ -c -g -Wall -pthread  -I/usr/include/pcap -D_REENTRANT conftest.cc >&5
configure:3678: $? = 0
configure:3682: test -z 
			 || test ! -s conftest.err
configure:3685: $? = 0
configure:3688: test -s conftest.o
configure:3691: $? = 0
configure:3702: result: yes
configure:3731: checking sched.h usability
configure:3743: g++ -c -g -Wall -pthread  -I/usr/include/pcap -D_REENTRANT conftest.cc >&5
configure:3749: $? = 0
configure:3753: test -z 
			 || test ! -s conftest.err
configure:3756: $? = 0
configure:3759: test -s conftest.o
configure:3762: $? = 0
configure:3772: result: yes
configure:3776: checking sched.h presence
configure:3786: g++ -E  -I/usr/include/pcap -D_REENTRANT conftest.cc
configure:3792: $? = 0
configure:3812: result: yes
configure:3847: checking for sched.h
configure:3854: result: yes
configure:3871: checking for sched_setscheduler
configure:3928: g++ -o conftest -g -Wall -pthread  -I/usr/include/pcap -D_REENTRANT  conftest.cc -lpthread  >&5
configure:3934: $? = 0
configure:3938: test -z 
			 || test ! -s conftest.err
configure:3941: $? = 0
configure:3944: test -s conftest
configure:3947: $? = 0
configure:3959: result: yes
configure:3974: checking for sysctlbyname
configure:4031: g++ -o conftest -g -Wall -pthread  -I/usr/include/pcap -D_REENTRANT  conftest.cc -lpthread  >&5
/tmp/cc8zDt0D.o: In function `main':
/tmp/yaz-0.1-122005/conftest.cc:69: undefined reference to `sysctlbyname'
/tmp/cc8zDt0D.o:(.data+0x0): undefined reference to `sysctlbyname'
collect2: ld returned 1 exit status
configure:4037: $? = 1
configure: failed program was:
| /* confdefs.h.  */
| 
| #define PACKAGE_NAME "yaz"
| #define PACKAGE_TARNAME "yaz"
| #define PACKAGE_VERSION "0.1"
| #define PACKAGE_STRING "yaz 0.1"
| #define PACKAGE_BUGREPORT "jsommers@cs.wisc.edu"
| #ifdef __cplusplus
| extern "C" void exit (int) throw ();
| #endif
| #define STDC_HEADERS 1
| #define HAVE_SYS_TYPES_H 1
| #define HAVE_SYS_STAT_H 1
| #define HAVE_STDLIB_H 1
| #define HAVE_STRING_H 1
| #define HAVE_MEMORY_H 1
| #define HAVE_STRINGS_H 1
| #define HAVE_INTTYPES_H 1
| #define HAVE_STDINT_H 1
| #define HAVE_UNISTD_H 1
| #define HAVE_SYS_SOCKET_H 1
| #define HAVE_FLOAT_H 1
| #define HAVE_PTHREAD_H 1
| #define HAVE_LIBPTHREAD 1
| #define SOCKLEN_T socklen_t
| #define HAVE_SCHED_H 1
| #define HAVE_SCHED_SETSCHEDULER 1
| /* end confdefs.h.  */
| /* Define sysctlbyname to an innocuous variant, in case <limits.h> declares sysctlbyname.
|    For example, HP-UX 11i <limits.h> declares gettimeofday.  */
| #define sysctlbyname innocuous_sysctlbyname
| 
| /* System header to define __stub macros and hopefully few prototypes,
|     which can conflict with char sysctlbyname (); below.
|     Prefer <limits.h> to <assert.h> if __STDC__ is defined, since
|     <limits.h> exists even on freestanding compilers.  */
| 
| #ifdef __STDC__
| # include <limits.h>
| #else
| # include <assert.h>
| #endif
| 
| #undef sysctlbyname
| 
| /* Override any gcc2 internal prototype to avoid an error.  */
| #ifdef __cplusplus
| extern "C"
| {
| #endif
| /* We use char because int might match the return type of a gcc2
|    builtin and then its argument prototype would still apply.  */
| char sysctlbyname ();
| /* The GNU C library defines this for functions which it implements
|     to always fail with ENOSYS.  Some functions are actually named
|     something starting with __ and the normal name is an alias.  */
| #if defined (__stub_sysctlbyname) || defined (__stub___sysctlbyname)
| choke me
| #else
| char (*f) () = sysctlbyname;
| #endif
| #ifdef __cplusplus
| }
| #endif
| 
| int
| main ()
| {
| return f != sysctlbyname;
|   ;
|   return 0;
| }
configure:4062: result: no
configure:4076: checking for sysconf
configure:4133: g++ -o conftest -g -Wall -pthread  -I/usr/include/pcap -D_REENTRANT  conftest.cc -lpthread  >&5
configure:4139: $? = 0
configure:4143: test -z 
			 || test ! -s conftest.err
configure:4146: $? = 0
configure:4149: test -s conftest
configure:4152: $? = 0
configure:4164: result: yes
configure:4188: checking sys/param.h usability
configure:4200: g++ -c -g -Wall -pthread  -I/usr/include/pcap -D_REENTRANT conftest.cc >&5
configure:4206: $? = 0
configure:4210: test -z 
			 || test ! -s conftest.err
configure:4213: $? = 0
configure:4216: test -s conftest.o
configure:4219: $? = 0
configure:4229: result: yes
configure:4233: checking sys/param.h presence
configure:4243: g++ -E  -I/usr/include/pcap -D_REENTRANT conftest.cc
configure:4249: $? = 0
configure:4269: result: yes
configure:4304: checking for sys/param.h
configure:4311: result: yes
configure:4427: creating ./config.status

## ---------------------- ##
## Running config.status. ##
## ---------------------- ##

This file was extended by yaz config.status 0.1, which was
generated by GNU Autoconf 2.59.  Invocation command line was

  CONFIG_FILES    = 
  CONFIG_HEADERS  = 
  CONFIG_LINKS    = 
  CONFIG_COMMANDS = 
  $ ./config.status 

on virgiliano-laptop

config.status:668: creating Makefile
config.status:772: creating config.h
config.status:892: config.h is unchanged

## ---------------- ##
## Cache variables. ##
## ---------------- ##

ac_cv_build=i686-pc-linux-gnu
ac_cv_build_alias=i686-pc-linux-gnu
ac_cv_cxx_compiler_gnu=yes
ac_cv_env_CPPFLAGS_set=
ac_cv_env_CPPFLAGS_value=
ac_cv_env_CXXCPP_set=
ac_cv_env_CXXCPP_value=
ac_cv_env_CXXFLAGS_set=
ac_cv_env_CXXFLAGS_value=
ac_cv_env_CXX_set=
ac_cv_env_CXX_value=
ac_cv_env_LDFLAGS_set=
ac_cv_env_LDFLAGS_value=
ac_cv_env_build_alias_set=
ac_cv_env_build_alias_value=
ac_cv_env_host_alias_set=
ac_cv_env_host_alias_value=
ac_cv_env_target_alias_set=
ac_cv_env_target_alias_value=
ac_cv_exeext=
ac_cv_func_sched_setscheduler=yes
ac_cv_func_sysconf=yes
ac_cv_func_sysctlbyname=no
ac_cv_header_float_h=yes
ac_cv_header_inttypes_h=yes
ac_cv_header_memory_h=yes
ac_cv_header_pthread_h=yes
ac_cv_header_sched_h=yes
ac_cv_header_stdc=yes
ac_cv_header_stdint_h=yes
ac_cv_header_stdlib_h=yes
ac_cv_header_string_h=yes
ac_cv_header_strings_h=yes
ac_cv_header_sys_param_h=yes
ac_cv_header_sys_socket_h=yes
ac_cv_header_sys_stat_h=yes
ac_cv_header_sys_types_h=yes
ac_cv_header_unistd_h=yes
ac_cv_host=i686-pc-linux-gnu
ac_cv_host_alias=i686-pc-linux-gnu
ac_cv_lib_c_r_pthread_create=no
ac_cv_lib_pthread_pthread_create=yes
ac_cv_lib_thread_thr_create=no
ac_cv_objext=o
ac_cv_path_install='/usr/bin/install -c'
ac_cv_prog_CXXCPP='g++ -E'
ac_cv_prog_ac_ct_CXX=g++
ac_cv_prog_cxx_g=yes
ac_cv_prog_egrep='grep -E'
ac_cv_prog_make_make_set=yes
ac_cv_target=i686-pc-linux-gnu
ac_cv_target_alias=i686-pc-linux-gnu
ac_cv_type_socklen_t=yes

## ----------------- ##
## Output variables. ##
## ----------------- ##

CPPFLAGS=' -I/usr/include/pcap -D_REENTRANT'
CXX='g++'
CXXCPP='g++ -E'
CXXFLAGS='-g -Wall -pthread'
DEFS='-DHAVE_CONFIG_H'
ECHO_C=''
ECHO_N='-n'
ECHO_T=''
EGREP='grep -E'
EXEEXT=''
HAVE_PCAP_BIOCIMMEDIATE=''
HAVE_PCAP_SETNONBLOCK=''
HAVE_SCHED_SETSCHEDULER=''
INSTALL_DATA='${INSTALL} -m 644'
INSTALL_PROGRAM='${INSTALL}'
INSTALL_SCRIPT='${INSTALL}'
LDFLAGS=''
LIBOBJS=''
LIBS='-lpthread '
LTLIBOBJS=''
OBJEXT='o'
PACKAGE_BUGREPORT='jsommers@cs.wisc.edu'
PACKAGE_NAME='yaz'
PACKAGE_STRING='yaz 0.1'
PACKAGE_TARNAME='yaz'
PACKAGE_VERSION='0.1'
PATH_SEPARATOR=':'
SET_MAKE=''
SHELL='/bin/bash'
SOCKLEN_T=''
TEMPLATEDIR=''
USE_PCAP='0'
ac_ct_CXX='g++'
bindir='${exec_prefix}/bin'
build='i686-pc-linux-gnu'
build_alias=''
build_cpu='i686'
build_os='linux-gnu'
build_vendor='pc'
datadir='${prefix}/share'
exec_prefix='${prefix}'
host='i686-pc-linux-gnu'
host_alias=''
host_cpu='i686'
host_os='linux-gnu'
host_vendor='pc'
includedir='${prefix}/include'
infodir='${prefix}/info'
libdir='${exec_prefix}/lib'
libexecdir='${exec_prefix}/libexec'
localstatedir='${prefix}/var'
mandir='${prefix}/man'
oldincludedir='/usr/include'
prefix='/usr/local'
program_transform_name='s,x,x,'
sbindir='${exec_prefix}/sbin'
sharedstatedir='${prefix}/com'
sysconfdir='${prefix}/etc'
target='i686-pc-linux-gnu'
target_alias=''
target_cpu='i686'
target_os='linux-gnu'
target_vendor='pc'

## ----------- ##
## confdefs.h. ##
## ----------- ##

#define HAVE_FLOAT_H 1
#define HAVE_INTTYPES_H 1
#define HAVE_LIBPTHREAD 1
#define HAVE_MEMORY_H 1
#define HAVE_PTHREAD_H 1
#define HAVE_SCHED_H 1
#define HAVE_SCHED_SETSCHEDULER 1
#define HAVE_STDINT_H 1
#define HAVE_STDLIB_H 1
#define HAVE_STRINGS_H 1
#define HAVE_STRING_H 1
#define HAVE_SYSCONF 1
#define HAVE_SYS_PARAM_H 1
#define HAVE_SYS_SOCKET_H 1
#define HAVE_SYS_STAT_H 1
#define HAVE_SYS_TYPES_H 1
#define HAVE_UNISTD_H 1
#define PACKAGE_BUGREPORT "jsommers@cs.wisc.edu"
#define PACKAGE_NAME "yaz"
#define PACKAGE_STRING "yaz 0.1"
#define PACKAGE_TARNAME "yaz"
#define PACKAGE_VERSION "0.1"
#define SOCKLEN_T socklen_t
#define STDC_HEADERS 1
#endif
#ifdef __cplusplus
extern "C" void exit (int) throw ();

configure: exit 0
