spruce dump:
0 1 117 1472 100 0 1252672237.834078
0 2 117 1472 100 117 1252672237.834180
1 1 117 1472 100 0 1252672237.925191
1 2 117 1472 100 117 1252672237.925298
2 1 117 1472 100 0 1252672237.935740
2 2 117 1472 100 117 1252672237.935856
3 1 117 1472 100 0 1252672237.966755
3 2 117 1472 100 117 1252672237.966861
4 1 117 1472 100 0 1252672238.94507
4 2 117 1472 100 117 1252672238.94613
5 1 117 1472 100 0 1252672238.107382
5 2 117 1472 100 117 1252672238.107497
6 1 117 1472 100 0 1252672238.120441
6 2 117 1472 100 117 1252672238.120546
7 1 117 1472 100 0 1252672238.171751
7 2 117 1472 100 117 1252672238.171857
8 1 117 1472 100 0 1252672238.177513
8 2 117 1472 100 117 1252672238.177625
9 1 117 1472 100 0 1252672238.228384
9 2 117 1472 100 117 1252672238.228491
10 1 117 1472 100 0 1252672238.316747
10 2 117 1472 100 117 1252672238.316853
11 1 117 1472 100 0 1252672238.428131
11 2 117 1472 100 117 1252672238.428231
12 1 117 1472 100 0 1252672238.471617
12 2 117 1472 100 117 1252672238.471723
13 1 117 1472 100 0 1252672238.539129
13 2 117 1472 100 117 1252672238.539235
15 1 117 1472 100 0 1252672238.732315
15 2 117 1472 100 117 1252672238.732420
16 1 117 1472 100 21 1252672238.760497
16 2 117 1472 100 117 1252672238.760596
17 1 117 1472 100 0 1252672238.821849
17 2 117 1472 100 117 1252672238.821955
18 1 117 1472 100 0 1252672239.45367
18 2 117 1472 100 117 1252672239.45473
19 1 117 1472 100 0 1252672239.71871
19 2 117 1472 100 117 1252672239.71980
20 1 117 1472 100 0 1252672239.136872
20 2 117 1472 100 117 1252672239.136981
21 1 117 1472 100 0 1252672239.145272
21 2 117 1472 100 117 1252672239.145381
22 1 117 1472 100 0 1252672239.316852
22 2 117 1472 100 117 1252672239.316957
23 1 117 1472 100 0 1252672239.582235
23 2 117 1472 100 117 1252672239.582342
24 1 117 1472 100 0 1252672239.687404
24 2 117 1472 100 117 1252672239.687512
25 1 117 1472 100 0 1252672239.742764
25 2 117 1472 100 117 1252672239.742872
26 1 117 1472 100 0 1252672239.807004
26 2 117 1472 100 117 1252672239.807110
27 1 117 1472 100 0 1252672240.206401
27 2 117 1472 100 117 1252672240.206509
28 1 117 1472 100 5 1252672240.298747
28 2 117 1472 100 117 1252672240.298853
29 1 117 1472 100 0 1252672240.338839
29 2 117 1472 100 117 1252672240.338946
30 1 117 1472 100 0 1252672240.376460
30 2 117 1472 100 117 1252672240.376565
31 1 117 1472 100 0 1252672240.512060
31 2 117 1472 100 117 1252672240.512166
32 1 117 1472 100 0 1252672240.775579
32 2 117 1472 100 117 1252672240.775678
33 1 117 1472 100 0 1252672240.828991
33 2 117 1472 100 117 1252672240.829073
34 1 117 1472 100 0 1252672240.829853
34 2 117 1472 100 117 1252672240.829968
35 1 117 1472 100 0 1252672240.934727
35 2 117 1472 100 117 1252672240.934824
36 1 117 1472 100 2639 1252672241.13852
36 2 117 1472 100 117 1252672241.13954
37 1 117 1472 100 0 1252672241.25288
37 2 117 1472 100 741 1252672241.26021
38 1 117 1472 100 0 1252672241.30525
38 2 117 1472 100 120 1252672241.30613
39 1 117 1472 100 0 1252672241.119826
39 2 117 1472 100 117 1252672241.119933
40 1 117 1472 100 0 1252672241.195315
40 2 117 1472 100 117 1252672241.195421
41 1 117 1472 100 0 1252672241.296824
41 2 117 1472 100 117 1252672241.296933
42 1 117 1472 100 0 1252672241.327254
42 2 117 1472 100 117 1252672241.327362
43 1 117 1472 100 0 1252672241.541485
43 2 117 1472 100 117 1252672241.541590
44 1 117 1472 100 0 1252672241.555238
44 2 117 1472 100 117 1252672241.555348
45 1 117 1472 100 0 1252672242.68080
45 2 117 1472 100 117 1252672242.68184
46 1 117 1472 100 0 1252672242.110024
46 2 117 1472 100 117 1252672242.110130
47 1 117 1472 100 0 1252672242.156851
47 2 117 1472 100 117 1252672242.156958
48 1 117 1472 100 0 1252672242.217141
48 2 117 1472 100 117 1252672242.217249
49 1 117 1472 100 0 1252672242.244015
49 2 117 1472 100 117 1252672242.244121
50 1 117 1472 100 0 1252672242.337344
50 2 117 1472 100 117 1252672242.337450
51 1 117 1472 100 0 1252672242.604340
51 2 117 1472 100 117 1252672242.604446
52 1 117 1472 100 0 1252672242.642352
52 2 117 1472 100 117 1252672242.642457
53 1 117 1472 100 0 1252672242.698025
53 2 117 1472 100 117 1252672242.698130
54 1 117 1472 100 0 1252672242.894896
54 2 117 1472 100 117 1252672242.895003
55 1 117 1472 100 0 1252672243.235617
55 2 117 1472 100 117 1252672243.235723
56 1 117 1472 100 38 1252672243.426743
56 2 117 1472 100 117 1252672243.426848
57 1 117 1472 100 0 1252672243.467404
57 2 117 1472 100 117 1252672243.467509
58 1 117 1472 100 0 1252672243.763903
58 2 117 1472 100 117 1252672243.764007
59 1 117 1472 100 0 1252672243.824575
59 2 117 1472 100 117 1252672243.824680
60 1 117 1472 100 0 1252672243.933842
60 2 117 1472 100 117 1252672243.933948
61 1 117 1472 100 0 1252672243.964218
61 2 117 1472 100 117 1252672243.964324
62 1 117 1472 100 0 1252672243.986178
62 2 117 1472 100 117 1252672243.986287
63 1 117 1472 100 0 1252672244.76067
63 2 117 1472 100 117 1252672244.76174
64 1 117 1472 100 0 1252672244.188670
64 2 117 1472 100 117 1252672244.188778
65 1 117 1472 100 0 1252672244.211750
65 2 117 1472 100 117 1252672244.211855
66 1 117 1472 100 0 1252672244.239518
66 2 117 1472 100 117 1252672244.239632
67 1 117 1472 100 0 1252672244.263138
67 2 117 1472 100 117 1252672244.263244
68 1 117 1472 100 0 1252672244.304280
68 2 117 1472 100 117 1252672244.304392
69 1 117 1472 100 0 1252672244.339016
69 2 117 1472 100 117 1252672244.339129
70 1 117 1472 100 0 1252672244.500461
70 2 117 1472 100 117 1252672244.500567
71 1 117 1472 100 0 1252672244.702398
71 2 117 1472 100 117 1252672244.702505
72 1 117 1472 100 0 1252672244.969893
72 2 117 1472 100 117 1252672244.970000
73 1 117 1472 100 0 1252672244.976425
73 2 117 1472 100 117 1252672244.976541
74 1 117 1472 100 0 1252672245.115018
74 2 117 1472 100 117 1252672245.115123
75 1 117 1472 100 0 1252672245.121154
75 2 117 1472 100 117 1252672245.121272
76 1 117 1472 100 0 1252672245.127067
76 2 117 1472 100 117 1252672245.127183
77 1 117 1472 100 0 1252672245.136772
77 2 117 1472 100 117 1252672245.136887
78 1 117 1472 100 0 1252672245.193614
78 2 117 1472 100 117 1252672245.193722
79 1 117 1472 100 0 1252672245.264996
79 2 117 1472 100 117 1252672245.265100
80 1 117 1472 100 0 1252672245.304759
80 2 117 1472 100 117 1252672245.304864
81 1 117 1472 100 0 1252672245.308860
81 2 117 1472 100 117 1252672245.308983
82 1 117 1472 100 0 1252672245.367023
82 2 117 1472 100 117 1252672245.367128
83 1 117 1472 100 0 1252672245.470394
83 2 117 1472 100 117 1252672245.470500
84 1 117 1472 100 0 1252672245.533350
84 2 117 1472 100 117 1252672245.533461
85 1 117 1472 100 0 1252672245.569212
85 2 117 1472 100 117 1252672245.569317
86 1 117 1472 100 0 1252672245.663678
86 2 117 1472 100 117 1252672245.663782
87 1 117 1472 100 0 1252672245.702127
87 2 117 1472 100 117 1252672245.702237
88 1 117 1472 100 0 1252672245.803095
88 2 117 1472 100 117 1252672245.803202
89 1 117 1472 100 0 1252672245.885109
89 2 117 1472 100 117 1252672245.885214
90 1 117 1472 100 0 1252672246.33891
90 2 117 1472 100 119 1252672246.33996
91 1 117 1472 100 0 1252672246.69602
91 2 117 1472 100 117 1252672246.69707
92 1 117 1472 100 0 1252672246.241969
92 2 117 1472 100 117 1252672246.242073
93 1 117 1472 100 0 1252672246.597093
93 2 117 1472 100 117 1252672246.597199
94 1 117 1472 100 0 1252672246.820871
94 2 117 1472 100 117 1252672246.820985
95 1 117 1472 100 0 1252672246.889642
95 2 117 1472 100 117 1252672246.889748
96 1 117 1472 100 0 1252672246.909174
96 2 117 1472 100 117 1252672246.909277
97 1 117 1472 100 0 1252672246.923769
97 2 117 1472 100 117 1252672246.923874
98 1 117 1472 100 0 1252672247.46748
98 2 117 1472 100 117 1252672247.46832
99 1 117 1472 100 0 1252672247.119034
99 2 117 1472 100 117 1252672247.119139
spruce dump end
spruce estimates begin
1252672237.834078 1.000000 1.000000
1252672237.925191 1.000000 1.000000
1252672237.935740 1.000000 1.000000
1252672237.966755 1.000000 1.000000
1252672238.94507 1.000000 1.000000
1252672238.107382 1.000000 1.000000
1252672238.120441 1.000000 1.000000
1252672238.171751 1.000000 1.000000
1252672238.177513 1.000000 1.000000
1252672238.228384 1.000000 1.000000
1252672238.316747 1.000000 1.000000
1252672238.428131 1.000000 1.000000
1252672238.471617 1.000000 1.000000
1252672238.539129 1.000000 1.000000
1252672238.732315 1.000000 1.000000
1252672238.760497 1.000000 1.000000
1252672238.821849 1.000000 1.000000
1252672239.45367 1.000000 1.000000
1252672239.71871 1.000000 1.000000
1252672239.136872 1.000000 1.000000
1252672239.145272 1.000000 1.000000
1252672239.316852 1.000000 1.000000
1252672239.582235 1.000000 1.000000
1252672239.687404 1.000000 1.000000
1252672239.742764 1.000000 1.000000
1252672239.807004 1.000000 1.000000
1252672240.206401 1.000000 1.000000
1252672240.298747 1.000000 1.000000
1252672240.338839 1.000000 1.000000
1252672240.376460 1.000000 1.000000
1252672240.512060 1.000000 1.000000
1252672240.775579 1.000000 1.000000
1252672240.828991 1.000000 1.000000
1252672240.829853 1.000000 1.000000
1252672240.934727 1.000000 1.000000
1252672241.13852 1.000000 1.000000
1252672241.25288 0.168691 0.977532
1252672241.30525 1.000000 0.978123
1252672241.119826 1.000000 0.978684
1252672241.195315 1.000000 0.979217
1252672241.296824 1.000000 0.979724
1252672241.327254 1.000000 0.980207
1252672241.541485 1.000000 0.980667
1252672241.555238 1.000000 0.981107
1252672242.68080 1.000000 0.981526
1252672242.110024 1.000000 0.981928
1252672242.156851 1.000000 0.982313
1252672242.217141 1.000000 0.982681
1252672242.244015 1.000000 0.983035
1252672242.337344 1.000000 0.983374
1252672242.604340 1.000000 0.983700
1252672242.642352 1.000000 0.984013
1252672242.698025 1.000000 0.984315
1252672242.894896 1.000000 0.984605
1252672243.235617 1.000000 0.984885
1252672243.426743 1.000000 0.985155
1252672243.467404 1.000000 0.985416
1252672243.763903 1.000000 0.985667
1252672243.824575 1.000000 0.985910
1252672243.933842 1.000000 0.986145
1252672243.964218 1.000000 0.986372
1252672243.986178 1.000000 0.986592
1252672244.76067 1.000000 0.986805
1252672244.188670 1.000000 0.987011
1252672244.211750 1.000000 0.987211
1252672244.239518 1.000000 0.987404
1252672244.263138 1.000000 0.987592
1252672244.304280 1.000000 0.987775
1252672244.339016 1.000000 0.987952
1252672244.500461 1.000000 0.988124
1252672244.702398 1.000000 0.988291
1252672244.969893 1.000000 0.988454
1252672244.976425 1.000000 0.988612
1252672245.115018 1.000000 0.988766
1252672245.121154 0.991453 0.988802
1252672245.127067 1.000000 0.988949
1252672245.136772 1.000000 0.989093
1252672245.193614 1.000000 0.989233
1252672245.264996 1.000000 0.989369
1252672245.304759 1.000000 0.989502
1252672245.308860 0.948718 0.988998
1252672245.367023 1.000000 0.989132
1252672245.470394 1.000000 0.989263
1252672245.533350 1.000000 0.989391
1252672245.569212 1.000000 0.989516
1252672245.663678 1.000000 0.989638
1252672245.702127 1.000000 0.989757
1252672245.803095 1.000000 0.989873
1252672245.885109 1.000000 0.989987
1252672246.33891 1.000000 0.990098
1252672246.69602 1.000000 0.990207
1252672246.241969 1.000000 0.990314
1252672246.597093 1.000000 0.990418
1252672246.820871 1.000000 0.990520
1252672246.889642 1.000000 0.990620
1252672246.909174 1.000000 0.990717
1252672246.923769 1.000000 0.990813
1252672247.46748 1.000000 0.990907
1252672247.119034 1.000000 0.990999
spruce estimates end
