This file contains any messages produced by compilers while
running configure, to aid debugging if configure makes a mistake.

It was created by DietTopp configure 0.1, which was
generated by GNU Autoconf 2.53.  Invocation command line was

  $ ./configure 

## --------- ##
## Platform. ##
## --------- ##

hostname = virgiliano-laptop
uname -m = i686
uname -r = 2.6.28-15-generic
uname -s = Linux
uname -v = #49-Ubuntu SMP Tue Aug 18 18:40:08 UTC 2009

/usr/bin/uname -p = unknown
/bin/uname -X     = unknown

/bin/arch              = unknown
/usr/bin/arch -k       = unknown
/usr/convex/getsysinfo = unknown
hostinfo               = unknown
/bin/machine           = unknown
/usr/bin/oslevel       = unknown
/bin/universe          = unknown

PATH: /usr/local/sbin
PATH: /usr/local/bin
PATH: /usr/sbin
PATH: /usr/bin
PATH: /sbin
PATH: /bin
PATH: /usr/games


## ----------- ##
## Core tests. ##
## ----------- ##

configure:1198: checking build system type
configure:1216: result: i686-pc-linux-gnu
configure:1224: checking host system type
configure:1238: result: i686-pc-linux-gnu
configure:1293: checking for gcc
configure:1309: found /usr/bin/gcc
configure:1319: result: gcc
configure:1563: checking for C compiler version
configure:1566: gcc --version </dev/null >&5
gcc (Ubuntu 4.3.3-5ubuntu4) 4.3.3
Copyright (C) 2008 Free Software Foundation, Inc.
This is free software; see the source for copying conditions.  There is NO
warranty; not even for MERCHANTABILITY or FITNESS FOR A PARTICULAR PURPOSE.

configure:1569: $? = 0
configure:1571: gcc -v </dev/null >&5
Using built-in specs.
Target: i486-linux-gnu
Configured with: ../src/configure -v --with-pkgversion='Ubuntu 4.3.3-5ubuntu4' --with-bugurl=file:///usr/share/doc/gcc-4.3/README.Bugs --enable-languages=c,c++,fortran,objc,obj-c++ --prefix=/usr --enable-shared --with-system-zlib --libexecdir=/usr/lib --without-included-gettext --enable-threads=posix --enable-nls --with-gxx-include-dir=/usr/include/c++/4.3 --program-suffix=-4.3 --enable-clocale=gnu --enable-libstdcxx-debug --enable-objc-gc --enable-mpfr --enable-targets=all --with-tune=generic --enable-checking=release --build=i486-linux-gnu --host=i486-linux-gnu --target=i486-linux-gnu
Thread model: posix
gcc version 4.3.3 (Ubuntu 4.3.3-5ubuntu4) 
configure:1574: $? = 0
configure:1576: gcc -V </dev/null >&5
gcc: '-V' option must have argument
configure:1579: $? = 1
configure:1605: checking for C compiler default output
configure:1608: gcc    conftest.c  >&5
configure:1611: $? = 0
configure:1644: result: a.out
configure:1649: checking whether the C compiler works
configure:1655: ./a.out
configure:1658: $? = 0
configure:1673: result: yes
configure:1680: checking whether we are cross compiling
configure:1682: result: no
configure:1685: checking for suffix of executables
configure:1687: gcc -o conftest    conftest.c  >&5
configure:1690: $? = 0
configure:1712: result: 
configure:1718: checking for suffix of object files
configure:1742: gcc -c   conftest.c >&5
configure:1745: $? = 0
configure:1764: result: o
configure:1768: checking whether we are using the GNU C compiler
configure:1795: gcc -c   conftest.c >&5
configure:1798: $? = 0
configure:1801: test -s conftest.o
configure:1804: $? = 0
configure:1816: result: yes
configure:1822: checking whether gcc accepts -g
configure:1846: gcc -c -g  conftest.c >&5
configure:1849: $? = 0
configure:1852: test -s conftest.o
configure:1855: $? = 0
configure:1865: result: yes
configure:1892: gcc -c -g -O2  conftest.c >&5
conftest.c:2: error: expected '=', ',', ';', 'asm' or '__attribute__' before 'me'
configure:1895: $? = 1
configure: failed program was:
#ifndef __cplusplus
  choke me
#endif
configure:2057: checking for g++
configure:2073: found /usr/bin/g++
configure:2083: result: g++
configure:2099: checking for C++ compiler version
configure:2102: g++ --version </dev/null >&5
g++ (Ubuntu 4.3.3-5ubuntu4) 4.3.3
Copyright (C) 2008 Free Software Foundation, Inc.
This is free software; see the source for copying conditions.  There is NO
warranty; not even for MERCHANTABILITY or FITNESS FOR A PARTICULAR PURPOSE.

configure:2105: $? = 0
configure:2107: g++ -v </dev/null >&5
Using built-in specs.
Target: i486-linux-gnu
Configured with: ../src/configure -v --with-pkgversion='Ubuntu 4.3.3-5ubuntu4' --with-bugurl=file:///usr/share/doc/gcc-4.3/README.Bugs --enable-languages=c,c++,fortran,objc,obj-c++ --prefix=/usr --enable-shared --with-system-zlib --libexecdir=/usr/lib --without-included-gettext --enable-threads=posix --enable-nls --with-gxx-include-dir=/usr/include/c++/4.3 --program-suffix=-4.3 --enable-clocale=gnu --enable-libstdcxx-debug --enable-objc-gc --enable-mpfr --enable-targets=all --with-tune=generic --enable-checking=release --build=i486-linux-gnu --host=i486-linux-gnu --target=i486-linux-gnu
Thread model: posix
gcc version 4.3.3 (Ubuntu 4.3.3-5ubuntu4) 
configure:2110: $? = 0
configure:2112: g++ -V </dev/null >&5
g++: '-V' option must have argument
configure:2115: $? = 1
configure:2118: checking whether we are using the GNU C++ compiler
configure:2145: g++ -c   conftest.cc >&5
configure:2148: $? = 0
configure:2151: test -s conftest.o
configure:2154: $? = 0
configure:2166: result: yes
configure:2172: checking whether g++ accepts -g
configure:2196: g++ -c -g  conftest.cc >&5
configure:2199: $? = 0
configure:2202: test -s conftest.o
configure:2205: $? = 0
configure:2215: result: yes
configure:2261: g++ -c -g -O2  conftest.cc >&5
configure:2264: $? = 0
configure:2267: test -s conftest.o
configure:2270: $? = 0
configure:2298: g++ -c -g -O2  conftest.cc >&5
configure: In function 'int main()':
configure:2290: error: 'exit' was not declared in this scope
configure:2301: $? = 1
configure: failed program was:
#line 2279 "configure"
#include "confdefs.h"

#ifdef F77_DUMMY_MAIN
#  ifdef __cplusplus
     extern "C"
#  endif
   int F77_DUMMY_MAIN() { return 1; }
#endif
int
main ()
{
exit (42);
  ;
  return 0;
}
configure:2261: g++ -c -g -O2  conftest.cc >&5
configure:2264: $? = 0
configure:2267: test -s conftest.o
configure:2270: $? = 0
configure:2298: g++ -c -g -O2  conftest.cc >&5
configure:2301: $? = 0
configure:2304: test -s conftest.o
configure:2307: $? = 0
configure:2332: checking for accept in -lsocket
configure:2365: gcc -o conftest -g -O2   conftest.c -lsocket   >&5
/usr/bin/ld: cannot find -lsocket
collect2: ld returned 1 exit status
configure:2368: $? = 1
configure: failed program was:
#line 2339 "configure"
#include "confdefs.h"

/* Override any gcc2 internal prototype to avoid an error.  */
#ifdef __cplusplus
extern "C"
#endif
/* We use char because int might match the return type of a gcc2
   builtin and then its argument prototype would still apply.  */
char accept ();
#ifdef F77_DUMMY_MAIN
#  ifdef __cplusplus
     extern "C"
#  endif
   int F77_DUMMY_MAIN() { return 1; }
#endif
int
main ()
{
accept ();
  ;
  return 0;
}
configure:2385: result: no
configure:2397: checking for gethostbyname in -lnsl
configure:2430: gcc -o conftest -g -O2   conftest.c -lnsl   >&5
configure:2433: $? = 0
configure:2436: test -s conftest
configure:2439: $? = 0
configure:2450: result: yes
configure:2462: checking for floor in -lm
configure:2495: gcc -o conftest -g -O2   conftest.c -lm  -lnsl  >&5
configure:2477: warning: conflicting types for built-in function 'floor'
configure:2498: $? = 0
configure:2501: test -s conftest
configure:2504: $? = 0
configure:2515: result: yes
configure:2527: checking for nanosleep in -lposix4
configure:2560: gcc -o conftest -g -O2   conftest.c -lposix4  -lm -lnsl  >&5
/usr/bin/ld: cannot find -lposix4
collect2: ld returned 1 exit status
configure:2563: $? = 1
configure: failed program was:
#line 2534 "configure"
#include "confdefs.h"

/* Override any gcc2 internal prototype to avoid an error.  */
#ifdef __cplusplus
extern "C"
#endif
/* We use char because int might match the return type of a gcc2
   builtin and then its argument prototype would still apply.  */
char nanosleep ();
#ifdef F77_DUMMY_MAIN
#  ifdef __cplusplus
     extern "C"
#  endif
   int F77_DUMMY_MAIN() { return 1; }
#endif
int
main ()
{
nanosleep ();
  ;
  return 0;
}
configure:2580: result: no
configure:2599: checking how to run the C preprocessor
configure:2625: gcc -E  conftest.c
configure:2631: $? = 0
configure:2658: gcc -E  conftest.c
configure:2654:28: error: ac_nonexistent.h: No such file or directory
configure:2664: $? = 1
configure: failed program was:
#line 2653 "configure"
#include "confdefs.h"
#include <ac_nonexistent.h>
configure:2701: result: gcc -E
configure:2716: gcc -E  conftest.c
configure:2722: $? = 0
configure:2749: gcc -E  conftest.c
configure:2745:28: error: ac_nonexistent.h: No such file or directory
configure:2755: $? = 1
configure: failed program was:
#line 2744 "configure"
#include "confdefs.h"
#include <ac_nonexistent.h>
configure:2849: g++ -o conftest -g -O2   conftest.cc -lm -lnsl  >&5
configure:2852: $? = 0
configure:2854: ./conftest
configure:2857: $? = 0
configure:3009: creating ./config.status

## ---------------------- ##
## Running config.status. ##
## ---------------------- ##

This file was extended by DietTopp config.status 0.1, which was
generated by GNU Autoconf 2.53.  Invocation command line was

  CONFIG_FILES    = 
  CONFIG_HEADERS  = 
  CONFIG_LINKS    = 
  CONFIG_COMMANDS = 
  $ ./config.status 

on virgiliano-laptop

config.status:562: creating Makefile

## ---------------- ##
## Cache variables. ##
## ---------------- ##

ac_cv_build=i686-pc-linux-gnu
ac_cv_build_alias=i686-pc-linux-gnu
ac_cv_c_compiler_gnu=yes
ac_cv_cxx_compiler_gnu=yes
ac_cv_env_CC_set=
ac_cv_env_CC_value=
ac_cv_env_CFLAGS_set=
ac_cv_env_CFLAGS_value=
ac_cv_env_CPPFLAGS_set=
ac_cv_env_CPPFLAGS_value=
ac_cv_env_CPP_set=
ac_cv_env_CPP_value=
ac_cv_env_CXXFLAGS_set=
ac_cv_env_CXXFLAGS_value=
ac_cv_env_CXX_set=
ac_cv_env_CXX_value=
ac_cv_env_LDFLAGS_set=
ac_cv_env_LDFLAGS_value=
ac_cv_env_build_alias_set=
ac_cv_env_build_alias_value=
ac_cv_env_host_alias_set=
ac_cv_env_host_alias_value=
ac_cv_env_target_alias_set=
ac_cv_env_target_alias_value=
ac_cv_exeext=
ac_cv_host=i686-pc-linux-gnu
ac_cv_host_alias=i686-pc-linux-gnu
ac_cv_lib_m_floor=yes
ac_cv_lib_nsl_gethostbyname=yes
ac_cv_lib_posix4_nanosleep=no
ac_cv_lib_socket_accept=no
ac_cv_objext=o
ac_cv_prog_CPP='gcc -E'
ac_cv_prog_ac_ct_CC=gcc
ac_cv_prog_ac_ct_CXX=g++
ac_cv_prog_cc_g=yes
ac_cv_prog_cxx_g=yes

## ----------- ##
## confdefs.h. ##
## ----------- ##

#define PACKAGE_NAME "DietTopp"
#define PACKAGE_TARNAME "DietTopp.tar"
#define PACKAGE_VERSION "0.1"
#define PACKAGE_STRING "DietTopp 0.1"
#define PACKAGE_BUGREPORT ""
#ifdef __cplusplus
#include <stdlib.h>
#endif
#define HAVE_LIBNSL 1
#define HAVE_LIBM 1
#define __LINUX_COMPILE 1

configure: exit 0
